<?xml version="1.0" encoding="UTF-8"?>
<!-- Generated by org.testng.reporters.JUnitReportReporter -->
<testsuite hostname="SREENATH" failures="0" tests="2" name="utility.ITListener" time="5.909" errors="0" timestamp="2024-02-12T10:14:44 IST" skipped="0">
  <testcase classname="utility.ITListener" name="testSearch2" time="3.169"/>
  <testcase classname="utility.ITListener" name="testSearch1" time="2.740"/>
</testsuite> <!-- utility.ITListener -->
