<?xml version="1.0" encoding="UTF-8"?>
<!-- Generated by org.testng.reporters.JUnitReportReporter -->
<testsuite hostname="SREENATH" failures="0" tests="1" name="pages.LoginTest" time="2.077" errors="0" timestamp="2024-02-09T11:22:57 IST" skipped="0">
  <testcase classname="pages.LoginTest" name="testLoginSuccess" time="2.077"/>
</testsuite> <!-- pages.LoginTest -->
