<?xml version="1.0" encoding="UTF-8"?>
<!-- Generated by org.testng.reporters.JUnitReportReporter -->
<testsuite hostname="SREENATH" failures="0" tests="2" name="com.practice.seleniums.AmazonTest" time="7.981" errors="0" timestamp="2024-02-11T10:14:25 IST" skipped="0">
  <testcase classname="com.practice.seleniums.AmazonTest" name="testSearch2" time="3.952"/>
  <testcase classname="com.practice.seleniums.AmazonTest" name="testSearch1" time="4.029"/>
</testsuite> <!-- com.practice.seleniums.AmazonTest -->
