<?xml version="1.0" encoding="UTF-8"?>
<!-- Generated by org.testng.reporters.JUnitReportReporter -->
<testsuite hostname="SREENATH" failures="0" tests="4" name="utility.ExclUtility" time="3.566" errors="0" timestamp="2024-02-09T15:11:35 IST" skipped="0">
  <testcase classname="utility.ExclUtility" name="testLogin" time="0.502"/>
  <testcase classname="utility.ExclUtility" name="testLogin" time="1.956"/>
  <testcase classname="utility.ExclUtility" name="testLogin" time="0.573"/>
  <testcase classname="utility.ExclUtility" name="testLogin" time="0.535"/>
</testsuite> <!-- utility.ExclUtility -->
